c:\users\justin\documents\visual studio 2013\projects\lexicalobrien\lexicalobrien\debug\vc120.pdb
c:\users\justin\documents\visual studio 2013\projects\lexicalobrien\lexicalobrien\debug\vc120.idb
c:\users\justin\documents\visual studio 2013\projects\lexicalobrien\lexicalobrien\debug\main.obj
c:\users\justin\documents\visual studio 2013\projects\lexicalobrien\lexicalobrien\debug\menu.obj
c:\users\justin\documents\visual studio 2013\projects\lexicalobrien\lexicalobrien\debug\lexical.obj
c:\users\justin\documents\school\compilers\labs\lab 1\lexicalobrien\lexicalobrien\lexicalobrien\debug\vc140.pdb
c:\users\justin\documents\visual studio 2013\projects\lexicalobrien\debug\lexicalobrien.ilk
c:\users\justin\documents\visual studio 2013\projects\lexicalobrien\debug\lexicalobrien.exe
c:\users\justin\documents\visual studio 2013\projects\lexicalobrien\debug\lexicalobrien.pdb
c:\users\justin\documents\school\compilers\labs\lab 1\lexicalobrien\lexicalobrien\lexicalobrien\debug\lexical.obj
c:\users\justin\documents\school\compilers\labs\lab 1\lexicalobrien\lexicalobrien\lexicalobrien\debug\main.obj
c:\users\justin\documents\school\compilers\labs\lab 1\lexicalobrien\lexicalobrien\lexicalobrien\debug\menu.obj
c:\users\justin\documents\school\compilers\labs\lab 1\lexicalobrien\lexicalobrien\lexicalobrien\debug\vc120.idb
c:\users\justin\documents\school\compilers\labs\lab 1\lexicalobrien\lexicalobrien\lexicalobrien\debug\vc120.pdb
c:\users\justin\documents\school\compilers\labs\lab 1\lexicalobrien\lexicalobrien\debug\lexicalobrien.pdb
c:\users\justin\documents\school\compilers\labs\lab 1\lexicalobrien\lexicalobrien\debug\lexicalobrien.exe
c:\users\justin\documents\school\compilers\labs\lab 1\lexicalobrien\lexicalobrien\debug\lexicalobrien.ilk
c:\users\justin\documents\school\compilers\labs\lab 1\lexicalobrien\lexicalobrien\lexicalobrien\debug\lexicalobrien.tlog\cl.command.1.tlog
c:\users\justin\documents\school\compilers\labs\lab 1\lexicalobrien\lexicalobrien\lexicalobrien\debug\lexicalobrien.tlog\cl.read.1.tlog
c:\users\justin\documents\school\compilers\labs\lab 1\lexicalobrien\lexicalobrien\lexicalobrien\debug\lexicalobrien.tlog\cl.write.1.tlog
c:\users\justin\documents\school\compilers\labs\lab 1\lexicalobrien\lexicalobrien\lexicalobrien\debug\lexicalobrien.tlog\link.command.1.tlog
c:\users\justin\documents\school\compilers\labs\lab 1\lexicalobrien\lexicalobrien\lexicalobrien\debug\lexicalobrien.tlog\link.read.1.tlog
c:\users\justin\documents\school\compilers\labs\lab 1\lexicalobrien\lexicalobrien\lexicalobrien\debug\lexicalobrien.tlog\link.write.1.tlog
